<?xml version="1.0" encoding="UTF-8"?>
<testng-results ignored="0" total="1" passed="1" failed="0" skipped="0">
  <reporter-output>
  </reporter-output>
  <suite started-at="2025-06-26T13:18:45 IST" name="Default suite" finished-at="2025-06-26T13:18:54 IST" duration-ms="9114">
    <groups>
    </groups>
    <test started-at="2025-06-26T13:18:45 IST" name="Default test" finished-at="2025-06-26T13:18:54 IST" duration-ms="9114">
      <class name="practice.ContactTest">
        <test-method signature="createContactTest()[pri:0, instance:practice.ContactTest@7dcf94f8]" started-at="2025-06-26T13:18:45 IST" name="createContactTest" finished-at="2025-06-26T13:18:54 IST" duration-ms="8880" status="PASS">
          <reporter-output>
          </reporter-output>
        </test-method> <!-- createContactTest -->
      </class> <!-- practice.ContactTest -->
    </test> <!-- Default test -->
  </suite> <!-- Default suite -->
</testng-results>
