<?xml version="1.0" encoding="UTF-8"?>
<testng-results ignored="0" total="1" passed="1" failed="0" skipped="0">
  <reporter-output>
  </reporter-output>
  <suite started-at="2025-06-23T12:00:32 IST" name="Default suite" finished-at="2025-06-23T12:00:32 IST" duration-ms="80">
    <groups>
    </groups>
    <test started-at="2025-06-23T12:00:32 IST" name="Default test" finished-at="2025-06-23T12:00:32 IST" duration-ms="80">
      <class name="practice.OrgTest">
        <test-method signature="createOrgTest()[pri:0, instance:practice.OrgTest@5aa9e4eb]" started-at="2025-06-23T12:00:32 IST" name="createOrgTest" finished-at="2025-06-23T12:00:32 IST" duration-ms="13" status="PASS">
          <reporter-output>
          </reporter-output>
        </test-method> <!-- createOrgTest -->
      </class> <!-- practice.OrgTest -->
    </test> <!-- Default test -->
  </suite> <!-- Default suite -->
</testng-results>
